2014-10-19 09:32:19,139 - [INFO] - from play in pool-92-thread-4 
Listening for HTTP on /0:0:0:0:0:0:0:0:9000

2014-10-19 09:32:35,430 - [INFO] - from play in play-internal-execution-context-1 
Application started (Dev)

2014-10-19 09:32:37,486 - [ERROR] - from play in play-akka.actor.default-dispatcher-2 
Cannot invoke the action, eventually got an error: java.lang.IllegalArgumentException: java.net.MalformedURLException: no protocol: 

2014-10-19 09:32:37,504 - [ERROR] - from application in play-akka.actor.default-dispatcher-2 


! @6k0ahlm7k - Internal server error, for (POST) [/hook] ->

play.api.Application$$anon$1: Execution exception[[IllegalArgumentException: java.net.MalformedURLException: no protocol: ]]
	at play.api.Application$class.handleError(Application.scala:296) ~[play_2.11-2.3.5.jar:2.3.5]
	at play.api.DefaultApplication.handleError(Application.scala:402) ~[play_2.11-2.3.5.jar:2.3.5]
	at play.core.server.netty.PlayDefaultUpstreamHandler$$anonfun$3$$anonfun$applyOrElse$4.apply(PlayDefaultUpstreamHandler.scala:320) ~[play_2.11-2.3.5.jar:2.3.5]
	at play.core.server.netty.PlayDefaultUpstreamHandler$$anonfun$3$$anonfun$applyOrElse$4.apply(PlayDefaultUpstreamHandler.scala:320) ~[play_2.11-2.3.5.jar:2.3.5]
	at scala.Option.map(Option.scala:145) ~[scala-library-2.11.1.jar:na]
	at play.core.server.netty.PlayDefaultUpstreamHandler$$anonfun$3.applyOrElse(PlayDefaultUpstreamHandler.scala:320) ~[play_2.11-2.3.5.jar:2.3.5]
	at play.core.server.netty.PlayDefaultUpstreamHandler$$anonfun$3.applyOrElse(PlayDefaultUpstreamHandler.scala:316) ~[play_2.11-2.3.5.jar:2.3.5]
	at scala.concurrent.Future$$anonfun$recoverWith$1.apply(Future.scala:344) ~[scala-library-2.11.1.jar:na]
	at scala.concurrent.Future$$anonfun$recoverWith$1.apply(Future.scala:343) ~[scala-library-2.11.1.jar:na]
	at scala.concurrent.impl.CallbackRunnable.run(Promise.scala:32) ~[scala-library-2.11.1.jar:na]
	at play.api.libs.iteratee.Execution$trampoline$.execute(Execution.scala:46) ~[play-iteratees_2.11-2.3.5.jar:2.3.5]
	at scala.concurrent.impl.CallbackRunnable.executeWithValue(Promise.scala:40) ~[scala-library-2.11.1.jar:na]
	at scala.concurrent.impl.Promise$DefaultPromise.tryComplete(Promise.scala:248) ~[scala-library-2.11.1.jar:na]
	at scala.concurrent.Promise$class.complete(Promise.scala:55) ~[scala-library-2.11.1.jar:na]
	at scala.concurrent.impl.Promise$DefaultPromise.complete(Promise.scala:153) ~[scala-library-2.11.1.jar:na]
	at scala.concurrent.impl.Future$PromiseCompletingRunnable.run(Future.scala:23) ~[scala-library-2.11.1.jar:na]
	at akka.dispatch.TaskInvocation.run(AbstractDispatcher.scala:41) ~[akka-actor_2.11-2.3.4.jar:na]
	at akka.dispatch.ForkJoinExecutorConfigurator$AkkaForkJoinTask.exec(AbstractDispatcher.scala:393) ~[akka-actor_2.11-2.3.4.jar:na]
	at scala.concurrent.forkjoin.ForkJoinTask.doExec(ForkJoinTask.java:260) ~[scala-library-2.11.1.jar:na]
	at scala.concurrent.forkjoin.ForkJoinPool$WorkQueue.runTask(ForkJoinPool.java:1339) ~[scala-library-2.11.1.jar:na]
	at scala.concurrent.forkjoin.ForkJoinPool.runWorker(ForkJoinPool.java:1979) ~[scala-library-2.11.1.jar:na]
	at scala.concurrent.forkjoin.ForkJoinWorkerThread.run(ForkJoinWorkerThread.java:107) ~[scala-library-2.11.1.jar:na]
Caused by: java.lang.IllegalArgumentException: java.net.MalformedURLException: no protocol: 
	at com.google.api.client.http.GenericUrl.parseURL(GenericUrl.java:638) ~[google-http-client-1.19.0.jar:1.19.0]
	at com.google.api.client.http.GenericUrl.<init>(GenericUrl.java:114) ~[google-http-client-1.19.0.jar:1.19.0]
	at controllers.InboxHook$.sendMessage(InboxHook.scala:46) ~[classes/:na]
	at controllers.InboxHook$$anonfun$hook$1.apply(InboxHook.scala:41) ~[classes/:na]
	at controllers.InboxHook$$anonfun$hook$1.apply(InboxHook.scala:25) ~[classes/:na]
	at play.api.mvc.ActionBuilder$$anonfun$apply$16.apply(Action.scala:433) ~[play_2.11-2.3.5.jar:2.3.5]
	at play.api.mvc.ActionBuilder$$anonfun$apply$16.apply(Action.scala:432) ~[play_2.11-2.3.5.jar:2.3.5]
	at play.api.mvc.Action$.invokeBlock(Action.scala:556) ~[play_2.11-2.3.5.jar:2.3.5]
	at play.api.mvc.Action$.invokeBlock(Action.scala:555) ~[play_2.11-2.3.5.jar:2.3.5]
	at play.api.mvc.ActionBuilder$$anon$1.apply(Action.scala:518) ~[play_2.11-2.3.5.jar:2.3.5]
	at play.api.mvc.Action$$anonfun$apply$1$$anonfun$apply$4$$anonfun$apply$5.apply(Action.scala:130) ~[play_2.11-2.3.5.jar:2.3.5]
	at play.api.mvc.Action$$anonfun$apply$1$$anonfun$apply$4$$anonfun$apply$5.apply(Action.scala:130) ~[play_2.11-2.3.5.jar:2.3.5]
	at play.utils.Threads$.withContextClassLoader(Threads.scala:21) ~[play_2.11-2.3.5.jar:2.3.5]
	at play.api.mvc.Action$$anonfun$apply$1$$anonfun$apply$4.apply(Action.scala:129) ~[play_2.11-2.3.5.jar:2.3.5]
	at play.api.mvc.Action$$anonfun$apply$1$$anonfun$apply$4.apply(Action.scala:128) ~[play_2.11-2.3.5.jar:2.3.5]
	at scala.Option.map(Option.scala:145) ~[scala-library-2.11.1.jar:na]
	at play.api.mvc.Action$$anonfun$apply$1.apply(Action.scala:128) ~[play_2.11-2.3.5.jar:2.3.5]
	at play.api.mvc.Action$$anonfun$apply$1.apply(Action.scala:121) ~[play_2.11-2.3.5.jar:2.3.5]
	at play.api.libs.iteratee.Iteratee$$anonfun$mapM$1.apply(Iteratee.scala:483) ~[play-iteratees_2.11-2.3.5.jar:2.3.5]
	at play.api.libs.iteratee.Iteratee$$anonfun$mapM$1.apply(Iteratee.scala:483) ~[play-iteratees_2.11-2.3.5.jar:2.3.5]
	at play.api.libs.iteratee.Iteratee$$anonfun$flatMapM$1.apply(Iteratee.scala:519) ~[play-iteratees_2.11-2.3.5.jar:2.3.5]
	at play.api.libs.iteratee.Iteratee$$anonfun$flatMapM$1.apply(Iteratee.scala:519) ~[play-iteratees_2.11-2.3.5.jar:2.3.5]
	at play.api.libs.iteratee.Iteratee$$anonfun$flatMap$1$$anonfun$apply$14.apply(Iteratee.scala:496) ~[play-iteratees_2.11-2.3.5.jar:2.3.5]
	at play.api.libs.iteratee.Iteratee$$anonfun$flatMap$1$$anonfun$apply$14.apply(Iteratee.scala:496) ~[play-iteratees_2.11-2.3.5.jar:2.3.5]
	at scala.concurrent.impl.Future$PromiseCompletingRunnable.liftedTree1$1(Future.scala:24) ~[scala-library-2.11.1.jar:na]
	at scala.concurrent.impl.Future$PromiseCompletingRunnable.run(Future.scala:24) ~[scala-library-2.11.1.jar:na]
	... 6 common frames omitted
Caused by: java.net.MalformedURLException: no protocol: 
	at java.net.URL.<init>(URL.java:585) ~[na:1.7.0_25]
	at java.net.URL.<init>(URL.java:482) ~[na:1.7.0_25]
	at java.net.URL.<init>(URL.java:431) ~[na:1.7.0_25]
	at com.google.api.client.http.GenericUrl.parseURL(GenericUrl.java:636) ~[google-http-client-1.19.0.jar:1.19.0]
	... 31 common frames omitted

2014-10-19 09:34:02,450 - [INFO] - from play in play-internal-execution-context-1 
Application started (Dev)

2014-10-19 09:34:29,899 - [INFO] - from play in play-internal-execution-context-1 
Application started (Dev)

2014-10-19 09:34:30,100 - [ERROR] - from play in play-akka.actor.default-dispatcher-5 
Cannot invoke the action, eventually got an error: com.google.api.client.http.HttpResponseException: 401 Unauthorized

2014-10-19 09:34:30,104 - [ERROR] - from application in play-akka.actor.default-dispatcher-5 


! @6k0ai26mk - Internal server error, for (POST) [/hook] ->

play.api.Application$$anon$1: Execution exception[[HttpResponseException: 401 Unauthorized]]
	at play.api.Application$class.handleError(Application.scala:296) ~[play_2.11-2.3.5.jar:2.3.5]
	at play.api.DefaultApplication.handleError(Application.scala:402) ~[play_2.11-2.3.5.jar:2.3.5]
	at play.core.server.netty.PlayDefaultUpstreamHandler$$anonfun$3$$anonfun$applyOrElse$4.apply(PlayDefaultUpstreamHandler.scala:320) ~[play_2.11-2.3.5.jar:2.3.5]
	at play.core.server.netty.PlayDefaultUpstreamHandler$$anonfun$3$$anonfun$applyOrElse$4.apply(PlayDefaultUpstreamHandler.scala:320) ~[play_2.11-2.3.5.jar:2.3.5]
	at scala.Option.map(Option.scala:145) ~[scala-library-2.11.1.jar:na]
	at play.core.server.netty.PlayDefaultUpstreamHandler$$anonfun$3.applyOrElse(PlayDefaultUpstreamHandler.scala:320) ~[play_2.11-2.3.5.jar:2.3.5]
	at play.core.server.netty.PlayDefaultUpstreamHandler$$anonfun$3.applyOrElse(PlayDefaultUpstreamHandler.scala:316) ~[play_2.11-2.3.5.jar:2.3.5]
	at scala.concurrent.Future$$anonfun$recoverWith$1.apply(Future.scala:344) ~[scala-library-2.11.1.jar:na]
	at scala.concurrent.Future$$anonfun$recoverWith$1.apply(Future.scala:343) ~[scala-library-2.11.1.jar:na]
	at scala.concurrent.impl.CallbackRunnable.run(Promise.scala:32) ~[scala-library-2.11.1.jar:na]
	at play.api.libs.iteratee.Execution$trampoline$.execute(Execution.scala:46) ~[play-iteratees_2.11-2.3.5.jar:2.3.5]
	at scala.concurrent.impl.CallbackRunnable.executeWithValue(Promise.scala:40) ~[scala-library-2.11.1.jar:na]
	at scala.concurrent.impl.Promise$DefaultPromise.tryComplete(Promise.scala:248) ~[scala-library-2.11.1.jar:na]
	at scala.concurrent.Promise$class.complete(Promise.scala:55) ~[scala-library-2.11.1.jar:na]
	at scala.concurrent.impl.Promise$DefaultPromise.complete(Promise.scala:153) ~[scala-library-2.11.1.jar:na]
	at scala.concurrent.impl.Future$PromiseCompletingRunnable.run(Future.scala:23) ~[scala-library-2.11.1.jar:na]
	at akka.dispatch.TaskInvocation.run(AbstractDispatcher.scala:41) ~[akka-actor_2.11-2.3.4.jar:na]
	at akka.dispatch.ForkJoinExecutorConfigurator$AkkaForkJoinTask.exec(AbstractDispatcher.scala:393) ~[akka-actor_2.11-2.3.4.jar:na]
	at scala.concurrent.forkjoin.ForkJoinTask.doExec(ForkJoinTask.java:260) ~[scala-library-2.11.1.jar:na]
	at scala.concurrent.forkjoin.ForkJoinPool$WorkQueue.runTask(ForkJoinPool.java:1339) ~[scala-library-2.11.1.jar:na]
	at scala.concurrent.forkjoin.ForkJoinPool.runWorker(ForkJoinPool.java:1979) ~[scala-library-2.11.1.jar:na]
	at scala.concurrent.forkjoin.ForkJoinWorkerThread.run(ForkJoinWorkerThread.java:107) ~[scala-library-2.11.1.jar:na]
Caused by: com.google.api.client.http.HttpResponseException: 401 Unauthorized
	at com.google.api.client.http.HttpRequest.execute(HttpRequest.java:1054) ~[google-http-client-1.19.0.jar:1.19.0]
	at controllers.InboxHook$.sendMessage(InboxHook.scala:53) ~[classes/:na]
	at controllers.InboxHook$$anonfun$hook$1.apply(InboxHook.scala:41) ~[classes/:na]
	at controllers.InboxHook$$anonfun$hook$1.apply(InboxHook.scala:25) ~[classes/:na]
	at play.api.mvc.ActionBuilder$$anonfun$apply$16.apply(Action.scala:433) ~[play_2.11-2.3.5.jar:2.3.5]
	at play.api.mvc.ActionBuilder$$anonfun$apply$16.apply(Action.scala:432) ~[play_2.11-2.3.5.jar:2.3.5]
	at play.api.mvc.Action$.invokeBlock(Action.scala:556) ~[play_2.11-2.3.5.jar:2.3.5]
	at play.api.mvc.Action$.invokeBlock(Action.scala:555) ~[play_2.11-2.3.5.jar:2.3.5]
	at play.api.mvc.ActionBuilder$$anon$1.apply(Action.scala:518) ~[play_2.11-2.3.5.jar:2.3.5]
	at play.api.mvc.Action$$anonfun$apply$1$$anonfun$apply$4$$anonfun$apply$5.apply(Action.scala:130) ~[play_2.11-2.3.5.jar:2.3.5]
	at play.api.mvc.Action$$anonfun$apply$1$$anonfun$apply$4$$anonfun$apply$5.apply(Action.scala:130) ~[play_2.11-2.3.5.jar:2.3.5]
	at play.utils.Threads$.withContextClassLoader(Threads.scala:21) ~[play_2.11-2.3.5.jar:2.3.5]
	at play.api.mvc.Action$$anonfun$apply$1$$anonfun$apply$4.apply(Action.scala:129) ~[play_2.11-2.3.5.jar:2.3.5]
	at play.api.mvc.Action$$anonfun$apply$1$$anonfun$apply$4.apply(Action.scala:128) ~[play_2.11-2.3.5.jar:2.3.5]
	at scala.Option.map(Option.scala:145) ~[scala-library-2.11.1.jar:na]
	at play.api.mvc.Action$$anonfun$apply$1.apply(Action.scala:128) ~[play_2.11-2.3.5.jar:2.3.5]
	at play.api.mvc.Action$$anonfun$apply$1.apply(Action.scala:121) ~[play_2.11-2.3.5.jar:2.3.5]
	at play.api.libs.iteratee.Iteratee$$anonfun$mapM$1.apply(Iteratee.scala:483) ~[play-iteratees_2.11-2.3.5.jar:2.3.5]
	at play.api.libs.iteratee.Iteratee$$anonfun$mapM$1.apply(Iteratee.scala:483) ~[play-iteratees_2.11-2.3.5.jar:2.3.5]
	at play.api.libs.iteratee.Iteratee$$anonfun$flatMapM$1.apply(Iteratee.scala:519) ~[play-iteratees_2.11-2.3.5.jar:2.3.5]
	at play.api.libs.iteratee.Iteratee$$anonfun$flatMapM$1.apply(Iteratee.scala:519) ~[play-iteratees_2.11-2.3.5.jar:2.3.5]
	at play.api.libs.iteratee.Iteratee$$anonfun$flatMap$1$$anonfun$apply$14.apply(Iteratee.scala:496) ~[play-iteratees_2.11-2.3.5.jar:2.3.5]
	at play.api.libs.iteratee.Iteratee$$anonfun$flatMap$1$$anonfun$apply$14.apply(Iteratee.scala:496) ~[play-iteratees_2.11-2.3.5.jar:2.3.5]
	at scala.concurrent.impl.Future$PromiseCompletingRunnable.liftedTree1$1(Future.scala:24) ~[scala-library-2.11.1.jar:na]
	at scala.concurrent.impl.Future$PromiseCompletingRunnable.run(Future.scala:24) ~[scala-library-2.11.1.jar:na]
	... 6 common frames omitted

2014-10-19 09:37:08,349 - [INFO] - from play in play-internal-execution-context-1 
Application started (Dev)

2014-10-19 09:37:28,651 - [ERROR] - from play in play-akka.actor.default-dispatcher-7 
Cannot invoke the action, eventually got an error: com.google.gson.JsonSyntaxException: java.lang.IllegalStateException: Expected BEGIN_OBJECT but was BEGIN_ARRAY at line 1 column 12 path $.data

2014-10-19 09:37:28,656 - [ERROR] - from application in play-akka.actor.default-dispatcher-7 


! @6k0aicb03 - Internal server error, for (POST) [/hook] ->

play.api.Application$$anon$1: Execution exception[[JsonSyntaxException: java.lang.IllegalStateException: Expected BEGIN_OBJECT but was BEGIN_ARRAY at line 1 column 12 path $.data]]
	at play.api.Application$class.handleError(Application.scala:296) ~[play_2.11-2.3.5.jar:2.3.5]
	at play.api.DefaultApplication.handleError(Application.scala:402) ~[play_2.11-2.3.5.jar:2.3.5]
	at play.core.server.netty.PlayDefaultUpstreamHandler$$anonfun$3$$anonfun$applyOrElse$4.apply(PlayDefaultUpstreamHandler.scala:320) ~[play_2.11-2.3.5.jar:2.3.5]
	at play.core.server.netty.PlayDefaultUpstreamHandler$$anonfun$3$$anonfun$applyOrElse$4.apply(PlayDefaultUpstreamHandler.scala:320) ~[play_2.11-2.3.5.jar:2.3.5]
	at scala.Option.map(Option.scala:145) ~[scala-library-2.11.1.jar:na]
	at play.core.server.netty.PlayDefaultUpstreamHandler$$anonfun$3.applyOrElse(PlayDefaultUpstreamHandler.scala:320) ~[play_2.11-2.3.5.jar:2.3.5]
	at play.core.server.netty.PlayDefaultUpstreamHandler$$anonfun$3.applyOrElse(PlayDefaultUpstreamHandler.scala:316) ~[play_2.11-2.3.5.jar:2.3.5]
	at scala.concurrent.Future$$anonfun$recoverWith$1.apply(Future.scala:344) ~[scala-library-2.11.1.jar:na]
	at scala.concurrent.Future$$anonfun$recoverWith$1.apply(Future.scala:343) ~[scala-library-2.11.1.jar:na]
	at scala.concurrent.impl.CallbackRunnable.run(Promise.scala:32) ~[scala-library-2.11.1.jar:na]
	at play.api.libs.iteratee.Execution$trampoline$.execute(Execution.scala:46) ~[play-iteratees_2.11-2.3.5.jar:2.3.5]
	at scala.concurrent.impl.CallbackRunnable.executeWithValue(Promise.scala:40) ~[scala-library-2.11.1.jar:na]
	at scala.concurrent.impl.Promise$DefaultPromise.tryComplete(Promise.scala:248) ~[scala-library-2.11.1.jar:na]
	at scala.concurrent.Promise$class.complete(Promise.scala:55) ~[scala-library-2.11.1.jar:na]
	at scala.concurrent.impl.Promise$DefaultPromise.complete(Promise.scala:153) ~[scala-library-2.11.1.jar:na]
	at scala.concurrent.impl.Future$PromiseCompletingRunnable.run(Future.scala:23) ~[scala-library-2.11.1.jar:na]
	at akka.dispatch.TaskInvocation.run(AbstractDispatcher.scala:41) ~[akka-actor_2.11-2.3.4.jar:na]
	at akka.dispatch.ForkJoinExecutorConfigurator$AkkaForkJoinTask.exec(AbstractDispatcher.scala:393) ~[akka-actor_2.11-2.3.4.jar:na]
	at scala.concurrent.forkjoin.ForkJoinTask.doExec(ForkJoinTask.java:260) ~[scala-library-2.11.1.jar:na]
	at scala.concurrent.forkjoin.ForkJoinPool$WorkQueue.runTask(ForkJoinPool.java:1339) ~[scala-library-2.11.1.jar:na]
	at scala.concurrent.forkjoin.ForkJoinPool.runWorker(ForkJoinPool.java:1979) ~[scala-library-2.11.1.jar:na]
	at scala.concurrent.forkjoin.ForkJoinWorkerThread.run(ForkJoinWorkerThread.java:107) ~[scala-library-2.11.1.jar:na]
Caused by: com.google.gson.JsonSyntaxException: java.lang.IllegalStateException: Expected BEGIN_OBJECT but was BEGIN_ARRAY at line 1 column 12 path $.data
	at com.google.gson.internal.bind.ReflectiveTypeAdapterFactory$Adapter.read(ReflectiveTypeAdapterFactory.java:187) ~[gson-2.3.jar:na]
	at com.google.gson.internal.bind.ReflectiveTypeAdapterFactory$1.read(ReflectiveTypeAdapterFactory.java:95) ~[gson-2.3.jar:na]
	at com.google.gson.internal.bind.ReflectiveTypeAdapterFactory$Adapter.read(ReflectiveTypeAdapterFactory.java:183) ~[gson-2.3.jar:na]
	at com.google.gson.Gson.fromJson(Gson.java:805) ~[gson-2.3.jar:na]
	at com.google.gson.Gson.fromJson(Gson.java:770) ~[gson-2.3.jar:na]
	at com.google.gson.Gson.fromJson(Gson.java:719) ~[gson-2.3.jar:na]
	at com.google.gson.Gson.fromJson(Gson.java:691) ~[gson-2.3.jar:na]
	at controllers.InboxHook$$anonfun$hook$1.apply(InboxHook.scala:39) ~[classes/:na]
	at controllers.InboxHook$$anonfun$hook$1.apply(InboxHook.scala:26) ~[classes/:na]
	at play.api.mvc.ActionBuilder$$anonfun$apply$16.apply(Action.scala:433) ~[play_2.11-2.3.5.jar:2.3.5]
	at play.api.mvc.ActionBuilder$$anonfun$apply$16.apply(Action.scala:432) ~[play_2.11-2.3.5.jar:2.3.5]
	at play.api.mvc.Action$.invokeBlock(Action.scala:556) ~[play_2.11-2.3.5.jar:2.3.5]
	at play.api.mvc.Action$.invokeBlock(Action.scala:555) ~[play_2.11-2.3.5.jar:2.3.5]
	at play.api.mvc.ActionBuilder$$anon$1.apply(Action.scala:518) ~[play_2.11-2.3.5.jar:2.3.5]
	at play.api.mvc.Action$$anonfun$apply$1$$anonfun$apply$4$$anonfun$apply$5.apply(Action.scala:130) ~[play_2.11-2.3.5.jar:2.3.5]
	at play.api.mvc.Action$$anonfun$apply$1$$anonfun$apply$4$$anonfun$apply$5.apply(Action.scala:130) ~[play_2.11-2.3.5.jar:2.3.5]
	at play.utils.Threads$.withContextClassLoader(Threads.scala:21) ~[play_2.11-2.3.5.jar:2.3.5]
	at play.api.mvc.Action$$anonfun$apply$1$$anonfun$apply$4.apply(Action.scala:129) ~[play_2.11-2.3.5.jar:2.3.5]
	at play.api.mvc.Action$$anonfun$apply$1$$anonfun$apply$4.apply(Action.scala:128) ~[play_2.11-2.3.5.jar:2.3.5]
	at scala.Option.map(Option.scala:145) ~[scala-library-2.11.1.jar:na]
	at play.api.mvc.Action$$anonfun$apply$1.apply(Action.scala:128) ~[play_2.11-2.3.5.jar:2.3.5]
	at play.api.mvc.Action$$anonfun$apply$1.apply(Action.scala:121) ~[play_2.11-2.3.5.jar:2.3.5]
	at play.api.libs.iteratee.Iteratee$$anonfun$mapM$1.apply(Iteratee.scala:483) ~[play-iteratees_2.11-2.3.5.jar:2.3.5]
	at play.api.libs.iteratee.Iteratee$$anonfun$mapM$1.apply(Iteratee.scala:483) ~[play-iteratees_2.11-2.3.5.jar:2.3.5]
	at play.api.libs.iteratee.Iteratee$$anonfun$flatMapM$1.apply(Iteratee.scala:519) ~[play-iteratees_2.11-2.3.5.jar:2.3.5]
	at play.api.libs.iteratee.Iteratee$$anonfun$flatMapM$1.apply(Iteratee.scala:519) ~[play-iteratees_2.11-2.3.5.jar:2.3.5]
	at play.api.libs.iteratee.Iteratee$$anonfun$flatMap$1$$anonfun$apply$14.apply(Iteratee.scala:496) ~[play-iteratees_2.11-2.3.5.jar:2.3.5]
	at play.api.libs.iteratee.Iteratee$$anonfun$flatMap$1$$anonfun$apply$14.apply(Iteratee.scala:496) ~[play-iteratees_2.11-2.3.5.jar:2.3.5]
	at scala.concurrent.impl.Future$PromiseCompletingRunnable.liftedTree1$1(Future.scala:24) ~[scala-library-2.11.1.jar:na]
	at scala.concurrent.impl.Future$PromiseCompletingRunnable.run(Future.scala:24) ~[scala-library-2.11.1.jar:na]
	... 6 common frames omitted
Caused by: java.lang.IllegalStateException: Expected BEGIN_OBJECT but was BEGIN_ARRAY at line 1 column 12 path $.data
	at com.google.gson.stream.JsonReader.beginObject(JsonReader.java:387) ~[gson-2.3.jar:na]
	at com.google.gson.internal.bind.ReflectiveTypeAdapterFactory$Adapter.read(ReflectiveTypeAdapterFactory.java:176) ~[gson-2.3.jar:na]
	... 35 common frames omitted

2014-10-19 09:39:11,167 - [ERROR] - from play in play-akka.actor.default-dispatcher-7 
Cannot invoke the action, eventually got an error: com.google.gson.JsonSyntaxException: java.lang.IllegalStateException: Expected BEGIN_OBJECT but was BEGIN_ARRAY at line 1 column 12 path $.data

2014-10-19 09:39:11,173 - [ERROR] - from application in play-akka.actor.default-dispatcher-7 


! @6k0aii6h2 - Internal server error, for (POST) [/hook] ->

play.api.Application$$anon$1: Execution exception[[JsonSyntaxException: java.lang.IllegalStateException: Expected BEGIN_OBJECT but was BEGIN_ARRAY at line 1 column 12 path $.data]]
	at play.api.Application$class.handleError(Application.scala:296) ~[play_2.11-2.3.5.jar:2.3.5]
	at play.api.DefaultApplication.handleError(Application.scala:402) ~[play_2.11-2.3.5.jar:2.3.5]
	at play.core.server.netty.PlayDefaultUpstreamHandler$$anonfun$3$$anonfun$applyOrElse$4.apply(PlayDefaultUpstreamHandler.scala:320) ~[play_2.11-2.3.5.jar:2.3.5]
	at play.core.server.netty.PlayDefaultUpstreamHandler$$anonfun$3$$anonfun$applyOrElse$4.apply(PlayDefaultUpstreamHandler.scala:320) ~[play_2.11-2.3.5.jar:2.3.5]
	at scala.Option.map(Option.scala:145) ~[scala-library-2.11.1.jar:na]
	at play.core.server.netty.PlayDefaultUpstreamHandler$$anonfun$3.applyOrElse(PlayDefaultUpstreamHandler.scala:320) ~[play_2.11-2.3.5.jar:2.3.5]
	at play.core.server.netty.PlayDefaultUpstreamHandler$$anonfun$3.applyOrElse(PlayDefaultUpstreamHandler.scala:316) ~[play_2.11-2.3.5.jar:2.3.5]
	at scala.concurrent.Future$$anonfun$recoverWith$1.apply(Future.scala:344) ~[scala-library-2.11.1.jar:na]
	at scala.concurrent.Future$$anonfun$recoverWith$1.apply(Future.scala:343) ~[scala-library-2.11.1.jar:na]
	at scala.concurrent.impl.CallbackRunnable.run(Promise.scala:32) ~[scala-library-2.11.1.jar:na]
	at play.api.libs.iteratee.Execution$trampoline$.execute(Execution.scala:46) ~[play-iteratees_2.11-2.3.5.jar:2.3.5]
	at scala.concurrent.impl.CallbackRunnable.executeWithValue(Promise.scala:40) ~[scala-library-2.11.1.jar:na]
	at scala.concurrent.impl.Promise$DefaultPromise.tryComplete(Promise.scala:248) ~[scala-library-2.11.1.jar:na]
	at scala.concurrent.Promise$class.complete(Promise.scala:55) ~[scala-library-2.11.1.jar:na]
	at scala.concurrent.impl.Promise$DefaultPromise.complete(Promise.scala:153) ~[scala-library-2.11.1.jar:na]
	at scala.concurrent.impl.Future$PromiseCompletingRunnable.run(Future.scala:23) ~[scala-library-2.11.1.jar:na]
	at akka.dispatch.TaskInvocation.run(AbstractDispatcher.scala:41) ~[akka-actor_2.11-2.3.4.jar:na]
	at akka.dispatch.ForkJoinExecutorConfigurator$AkkaForkJoinTask.exec(AbstractDispatcher.scala:393) ~[akka-actor_2.11-2.3.4.jar:na]
	at scala.concurrent.forkjoin.ForkJoinTask.doExec(ForkJoinTask.java:260) ~[scala-library-2.11.1.jar:na]
	at scala.concurrent.forkjoin.ForkJoinPool$WorkQueue.runTask(ForkJoinPool.java:1339) ~[scala-library-2.11.1.jar:na]
	at scala.concurrent.forkjoin.ForkJoinPool.runWorker(ForkJoinPool.java:1979) ~[scala-library-2.11.1.jar:na]
	at scala.concurrent.forkjoin.ForkJoinWorkerThread.run(ForkJoinWorkerThread.java:107) ~[scala-library-2.11.1.jar:na]
Caused by: com.google.gson.JsonSyntaxException: java.lang.IllegalStateException: Expected BEGIN_OBJECT but was BEGIN_ARRAY at line 1 column 12 path $.data
	at com.google.gson.internal.bind.ReflectiveTypeAdapterFactory$Adapter.read(ReflectiveTypeAdapterFactory.java:187) ~[gson-2.3.jar:na]
	at com.google.gson.internal.bind.ReflectiveTypeAdapterFactory$1.read(ReflectiveTypeAdapterFactory.java:95) ~[gson-2.3.jar:na]
	at com.google.gson.internal.bind.ReflectiveTypeAdapterFactory$Adapter.read(ReflectiveTypeAdapterFactory.java:183) ~[gson-2.3.jar:na]
	at com.google.gson.Gson.fromJson(Gson.java:805) ~[gson-2.3.jar:na]
	at com.google.gson.Gson.fromJson(Gson.java:770) ~[gson-2.3.jar:na]
	at com.google.gson.Gson.fromJson(Gson.java:719) ~[gson-2.3.jar:na]
	at com.google.gson.Gson.fromJson(Gson.java:691) ~[gson-2.3.jar:na]
	at controllers.InboxHook$$anonfun$hook$1.apply(InboxHook.scala:39) ~[classes/:na]
	at controllers.InboxHook$$anonfun$hook$1.apply(InboxHook.scala:26) ~[classes/:na]
	at play.api.mvc.ActionBuilder$$anonfun$apply$16.apply(Action.scala:433) ~[play_2.11-2.3.5.jar:2.3.5]
	at play.api.mvc.ActionBuilder$$anonfun$apply$16.apply(Action.scala:432) ~[play_2.11-2.3.5.jar:2.3.5]
	at play.api.mvc.Action$.invokeBlock(Action.scala:556) ~[play_2.11-2.3.5.jar:2.3.5]
	at play.api.mvc.Action$.invokeBlock(Action.scala:555) ~[play_2.11-2.3.5.jar:2.3.5]
	at play.api.mvc.ActionBuilder$$anon$1.apply(Action.scala:518) ~[play_2.11-2.3.5.jar:2.3.5]
	at play.api.mvc.Action$$anonfun$apply$1$$anonfun$apply$4$$anonfun$apply$5.apply(Action.scala:130) ~[play_2.11-2.3.5.jar:2.3.5]
	at play.api.mvc.Action$$anonfun$apply$1$$anonfun$apply$4$$anonfun$apply$5.apply(Action.scala:130) ~[play_2.11-2.3.5.jar:2.3.5]
	at play.utils.Threads$.withContextClassLoader(Threads.scala:21) ~[play_2.11-2.3.5.jar:2.3.5]
	at play.api.mvc.Action$$anonfun$apply$1$$anonfun$apply$4.apply(Action.scala:129) ~[play_2.11-2.3.5.jar:2.3.5]
	at play.api.mvc.Action$$anonfun$apply$1$$anonfun$apply$4.apply(Action.scala:128) ~[play_2.11-2.3.5.jar:2.3.5]
	at scala.Option.map(Option.scala:145) ~[scala-library-2.11.1.jar:na]
	at play.api.mvc.Action$$anonfun$apply$1.apply(Action.scala:128) ~[play_2.11-2.3.5.jar:2.3.5]
	at play.api.mvc.Action$$anonfun$apply$1.apply(Action.scala:121) ~[play_2.11-2.3.5.jar:2.3.5]
	at play.api.libs.iteratee.Iteratee$$anonfun$mapM$1.apply(Iteratee.scala:483) ~[play-iteratees_2.11-2.3.5.jar:2.3.5]
	at play.api.libs.iteratee.Iteratee$$anonfun$mapM$1.apply(Iteratee.scala:483) ~[play-iteratees_2.11-2.3.5.jar:2.3.5]
	at play.api.libs.iteratee.Iteratee$$anonfun$flatMapM$1.apply(Iteratee.scala:519) ~[play-iteratees_2.11-2.3.5.jar:2.3.5]
	at play.api.libs.iteratee.Iteratee$$anonfun$flatMapM$1.apply(Iteratee.scala:519) ~[play-iteratees_2.11-2.3.5.jar:2.3.5]
	at play.api.libs.iteratee.Iteratee$$anonfun$flatMap$1$$anonfun$apply$14.apply(Iteratee.scala:496) ~[play-iteratees_2.11-2.3.5.jar:2.3.5]
	at play.api.libs.iteratee.Iteratee$$anonfun$flatMap$1$$anonfun$apply$14.apply(Iteratee.scala:496) ~[play-iteratees_2.11-2.3.5.jar:2.3.5]
	at scala.concurrent.impl.Future$PromiseCompletingRunnable.liftedTree1$1(Future.scala:24) ~[scala-library-2.11.1.jar:na]
	at scala.concurrent.impl.Future$PromiseCompletingRunnable.run(Future.scala:24) ~[scala-library-2.11.1.jar:na]
	... 6 common frames omitted
Caused by: java.lang.IllegalStateException: Expected BEGIN_OBJECT but was BEGIN_ARRAY at line 1 column 12 path $.data
	at com.google.gson.stream.JsonReader.beginObject(JsonReader.java:387) ~[gson-2.3.jar:na]
	at com.google.gson.internal.bind.ReflectiveTypeAdapterFactory$Adapter.read(ReflectiveTypeAdapterFactory.java:176) ~[gson-2.3.jar:na]
	... 35 common frames omitted

2014-10-19 10:07:24,461 - [INFO] - from play in play-internal-execution-context-1 
Application started (Dev)

2014-10-19 10:08:02,022 - [ERROR] - from play in play-akka.actor.default-dispatcher-12 
Cannot invoke the action, eventually got an error: com.google.gson.JsonSyntaxException: java.lang.IllegalStateException: Expected BEGIN_OBJECT but was BEGIN_ARRAY at line 1 column 12 path $.data

2014-10-19 10:08:02,027 - [ERROR] - from application in play-akka.actor.default-dispatcher-12 


! @6k0amcj2a - Internal server error, for (POST) [/hook] ->

play.api.Application$$anon$1: Execution exception[[JsonSyntaxException: java.lang.IllegalStateException: Expected BEGIN_OBJECT but was BEGIN_ARRAY at line 1 column 12 path $.data]]
	at play.api.Application$class.handleError(Application.scala:296) ~[play_2.11-2.3.5.jar:2.3.5]
	at play.api.DefaultApplication.handleError(Application.scala:402) ~[play_2.11-2.3.5.jar:2.3.5]
	at play.core.server.netty.PlayDefaultUpstreamHandler$$anonfun$3$$anonfun$applyOrElse$4.apply(PlayDefaultUpstreamHandler.scala:320) ~[play_2.11-2.3.5.jar:2.3.5]
	at play.core.server.netty.PlayDefaultUpstreamHandler$$anonfun$3$$anonfun$applyOrElse$4.apply(PlayDefaultUpstreamHandler.scala:320) ~[play_2.11-2.3.5.jar:2.3.5]
	at scala.Option.map(Option.scala:145) ~[scala-library-2.11.1.jar:na]
	at play.core.server.netty.PlayDefaultUpstreamHandler$$anonfun$3.applyOrElse(PlayDefaultUpstreamHandler.scala:320) ~[play_2.11-2.3.5.jar:2.3.5]
	at play.core.server.netty.PlayDefaultUpstreamHandler$$anonfun$3.applyOrElse(PlayDefaultUpstreamHandler.scala:316) ~[play_2.11-2.3.5.jar:2.3.5]
	at scala.concurrent.Future$$anonfun$recoverWith$1.apply(Future.scala:344) ~[scala-library-2.11.1.jar:na]
	at scala.concurrent.Future$$anonfun$recoverWith$1.apply(Future.scala:343) ~[scala-library-2.11.1.jar:na]
	at scala.concurrent.impl.CallbackRunnable.run(Promise.scala:32) ~[scala-library-2.11.1.jar:na]
	at play.api.libs.iteratee.Execution$trampoline$.execute(Execution.scala:46) ~[play-iteratees_2.11-2.3.5.jar:2.3.5]
	at scala.concurrent.impl.CallbackRunnable.executeWithValue(Promise.scala:40) ~[scala-library-2.11.1.jar:na]
	at scala.concurrent.impl.Promise$DefaultPromise.tryComplete(Promise.scala:248) ~[scala-library-2.11.1.jar:na]
	at scala.concurrent.Promise$class.complete(Promise.scala:55) ~[scala-library-2.11.1.jar:na]
	at scala.concurrent.impl.Promise$DefaultPromise.complete(Promise.scala:153) ~[scala-library-2.11.1.jar:na]
	at scala.concurrent.impl.Future$PromiseCompletingRunnable.run(Future.scala:23) ~[scala-library-2.11.1.jar:na]
	at akka.dispatch.TaskInvocation.run(AbstractDispatcher.scala:41) ~[akka-actor_2.11-2.3.4.jar:na]
	at akka.dispatch.ForkJoinExecutorConfigurator$AkkaForkJoinTask.exec(AbstractDispatcher.scala:393) ~[akka-actor_2.11-2.3.4.jar:na]
	at scala.concurrent.forkjoin.ForkJoinTask.doExec(ForkJoinTask.java:260) ~[scala-library-2.11.1.jar:na]
	at scala.concurrent.forkjoin.ForkJoinPool$WorkQueue.runTask(ForkJoinPool.java:1339) ~[scala-library-2.11.1.jar:na]
	at scala.concurrent.forkjoin.ForkJoinPool.runWorker(ForkJoinPool.java:1979) ~[scala-library-2.11.1.jar:na]
	at scala.concurrent.forkjoin.ForkJoinWorkerThread.run(ForkJoinWorkerThread.java:107) ~[scala-library-2.11.1.jar:na]
Caused by: com.google.gson.JsonSyntaxException: java.lang.IllegalStateException: Expected BEGIN_OBJECT but was BEGIN_ARRAY at line 1 column 12 path $.data
	at com.google.gson.internal.bind.ReflectiveTypeAdapterFactory$Adapter.read(ReflectiveTypeAdapterFactory.java:187) ~[gson-2.3.jar:na]
	at com.google.gson.internal.bind.ReflectiveTypeAdapterFactory$1.read(ReflectiveTypeAdapterFactory.java:95) ~[gson-2.3.jar:na]
	at com.google.gson.internal.bind.ReflectiveTypeAdapterFactory$Adapter.read(ReflectiveTypeAdapterFactory.java:183) ~[gson-2.3.jar:na]
	at com.google.gson.Gson.fromJson(Gson.java:805) ~[gson-2.3.jar:na]
	at com.google.gson.Gson.fromJson(Gson.java:770) ~[gson-2.3.jar:na]
	at com.google.gson.Gson.fromJson(Gson.java:719) ~[gson-2.3.jar:na]
	at com.google.gson.Gson.fromJson(Gson.java:691) ~[gson-2.3.jar:na]
	at controllers.InboxHook$$anonfun$hook$1.apply(InboxHook.scala:39) ~[classes/:na]
	at controllers.InboxHook$$anonfun$hook$1.apply(InboxHook.scala:26) ~[classes/:na]
	at play.api.mvc.ActionBuilder$$anonfun$apply$16.apply(Action.scala:433) ~[play_2.11-2.3.5.jar:2.3.5]
	at play.api.mvc.ActionBuilder$$anonfun$apply$16.apply(Action.scala:432) ~[play_2.11-2.3.5.jar:2.3.5]
	at play.api.mvc.Action$.invokeBlock(Action.scala:556) ~[play_2.11-2.3.5.jar:2.3.5]
	at play.api.mvc.Action$.invokeBlock(Action.scala:555) ~[play_2.11-2.3.5.jar:2.3.5]
	at play.api.mvc.ActionBuilder$$anon$1.apply(Action.scala:518) ~[play_2.11-2.3.5.jar:2.3.5]
	at play.api.mvc.Action$$anonfun$apply$1$$anonfun$apply$4$$anonfun$apply$5.apply(Action.scala:130) ~[play_2.11-2.3.5.jar:2.3.5]
	at play.api.mvc.Action$$anonfun$apply$1$$anonfun$apply$4$$anonfun$apply$5.apply(Action.scala:130) ~[play_2.11-2.3.5.jar:2.3.5]
	at play.utils.Threads$.withContextClassLoader(Threads.scala:21) ~[play_2.11-2.3.5.jar:2.3.5]
	at play.api.mvc.Action$$anonfun$apply$1$$anonfun$apply$4.apply(Action.scala:129) ~[play_2.11-2.3.5.jar:2.3.5]
	at play.api.mvc.Action$$anonfun$apply$1$$anonfun$apply$4.apply(Action.scala:128) ~[play_2.11-2.3.5.jar:2.3.5]
	at scala.Option.map(Option.scala:145) ~[scala-library-2.11.1.jar:na]
	at play.api.mvc.Action$$anonfun$apply$1.apply(Action.scala:128) ~[play_2.11-2.3.5.jar:2.3.5]
	at play.api.mvc.Action$$anonfun$apply$1.apply(Action.scala:121) ~[play_2.11-2.3.5.jar:2.3.5]
	at play.api.libs.iteratee.Iteratee$$anonfun$mapM$1.apply(Iteratee.scala:483) ~[play-iteratees_2.11-2.3.5.jar:2.3.5]
	at play.api.libs.iteratee.Iteratee$$anonfun$mapM$1.apply(Iteratee.scala:483) ~[play-iteratees_2.11-2.3.5.jar:2.3.5]
	at play.api.libs.iteratee.Iteratee$$anonfun$flatMapM$1.apply(Iteratee.scala:519) ~[play-iteratees_2.11-2.3.5.jar:2.3.5]
	at play.api.libs.iteratee.Iteratee$$anonfun$flatMapM$1.apply(Iteratee.scala:519) ~[play-iteratees_2.11-2.3.5.jar:2.3.5]
	at play.api.libs.iteratee.Iteratee$$anonfun$flatMap$1$$anonfun$apply$14.apply(Iteratee.scala:496) ~[play-iteratees_2.11-2.3.5.jar:2.3.5]
	at play.api.libs.iteratee.Iteratee$$anonfun$flatMap$1$$anonfun$apply$14.apply(Iteratee.scala:496) ~[play-iteratees_2.11-2.3.5.jar:2.3.5]
	at scala.concurrent.impl.Future$PromiseCompletingRunnable.liftedTree1$1(Future.scala:24) ~[scala-library-2.11.1.jar:na]
	at scala.concurrent.impl.Future$PromiseCompletingRunnable.run(Future.scala:24) ~[scala-library-2.11.1.jar:na]
	... 6 common frames omitted
Caused by: java.lang.IllegalStateException: Expected BEGIN_OBJECT but was BEGIN_ARRAY at line 1 column 12 path $.data
	at com.google.gson.stream.JsonReader.beginObject(JsonReader.java:387) ~[gson-2.3.jar:na]
	at com.google.gson.internal.bind.ReflectiveTypeAdapterFactory$Adapter.read(ReflectiveTypeAdapterFactory.java:176) ~[gson-2.3.jar:na]
	... 35 common frames omitted

2014-10-19 10:08:04,091 - [ERROR] - from play in play-akka.actor.default-dispatcher-10 
Cannot invoke the action, eventually got an error: com.google.gson.JsonSyntaxException: java.lang.IllegalStateException: Expected BEGIN_OBJECT but was BEGIN_ARRAY at line 1 column 12 path $.data

2014-10-19 10:08:04,097 - [ERROR] - from application in play-akka.actor.default-dispatcher-10 


! @6k0amcm3p - Internal server error, for (POST) [/hook] ->

play.api.Application$$anon$1: Execution exception[[JsonSyntaxException: java.lang.IllegalStateException: Expected BEGIN_OBJECT but was BEGIN_ARRAY at line 1 column 12 path $.data]]
	at play.api.Application$class.handleError(Application.scala:296) ~[play_2.11-2.3.5.jar:2.3.5]
	at play.api.DefaultApplication.handleError(Application.scala:402) ~[play_2.11-2.3.5.jar:2.3.5]
	at play.core.server.netty.PlayDefaultUpstreamHandler$$anonfun$3$$anonfun$applyOrElse$4.apply(PlayDefaultUpstreamHandler.scala:320) ~[play_2.11-2.3.5.jar:2.3.5]
	at play.core.server.netty.PlayDefaultUpstreamHandler$$anonfun$3$$anonfun$applyOrElse$4.apply(PlayDefaultUpstreamHandler.scala:320) ~[play_2.11-2.3.5.jar:2.3.5]
	at scala.Option.map(Option.scala:145) ~[scala-library-2.11.1.jar:na]
	at play.core.server.netty.PlayDefaultUpstreamHandler$$anonfun$3.applyOrElse(PlayDefaultUpstreamHandler.scala:320) ~[play_2.11-2.3.5.jar:2.3.5]
	at play.core.server.netty.PlayDefaultUpstreamHandler$$anonfun$3.applyOrElse(PlayDefaultUpstreamHandler.scala:316) ~[play_2.11-2.3.5.jar:2.3.5]
	at scala.concurrent.Future$$anonfun$recoverWith$1.apply(Future.scala:344) ~[scala-library-2.11.1.jar:na]
	at scala.concurrent.Future$$anonfun$recoverWith$1.apply(Future.scala:343) ~[scala-library-2.11.1.jar:na]
	at scala.concurrent.impl.CallbackRunnable.run(Promise.scala:32) ~[scala-library-2.11.1.jar:na]
	at play.api.libs.iteratee.Execution$trampoline$.execute(Execution.scala:46) ~[play-iteratees_2.11-2.3.5.jar:2.3.5]
	at scala.concurrent.impl.CallbackRunnable.executeWithValue(Promise.scala:40) ~[scala-library-2.11.1.jar:na]
	at scala.concurrent.impl.Promise$DefaultPromise.tryComplete(Promise.scala:248) ~[scala-library-2.11.1.jar:na]
	at scala.concurrent.Promise$class.complete(Promise.scala:55) ~[scala-library-2.11.1.jar:na]
	at scala.concurrent.impl.Promise$DefaultPromise.complete(Promise.scala:153) ~[scala-library-2.11.1.jar:na]
	at scala.concurrent.impl.Future$PromiseCompletingRunnable.run(Future.scala:23) ~[scala-library-2.11.1.jar:na]
	at akka.dispatch.TaskInvocation.run(AbstractDispatcher.scala:41) ~[akka-actor_2.11-2.3.4.jar:na]
	at akka.dispatch.ForkJoinExecutorConfigurator$AkkaForkJoinTask.exec(AbstractDispatcher.scala:393) ~[akka-actor_2.11-2.3.4.jar:na]
	at scala.concurrent.forkjoin.ForkJoinTask.doExec(ForkJoinTask.java:260) ~[scala-library-2.11.1.jar:na]
	at scala.concurrent.forkjoin.ForkJoinPool$WorkQueue.runTask(ForkJoinPool.java:1339) ~[scala-library-2.11.1.jar:na]
	at scala.concurrent.forkjoin.ForkJoinPool.runWorker(ForkJoinPool.java:1979) ~[scala-library-2.11.1.jar:na]
	at scala.concurrent.forkjoin.ForkJoinWorkerThread.run(ForkJoinWorkerThread.java:107) ~[scala-library-2.11.1.jar:na]
Caused by: com.google.gson.JsonSyntaxException: java.lang.IllegalStateException: Expected BEGIN_OBJECT but was BEGIN_ARRAY at line 1 column 12 path $.data
	at com.google.gson.internal.bind.ReflectiveTypeAdapterFactory$Adapter.read(ReflectiveTypeAdapterFactory.java:187) ~[gson-2.3.jar:na]
	at com.google.gson.internal.bind.ReflectiveTypeAdapterFactory$1.read(ReflectiveTypeAdapterFactory.java:95) ~[gson-2.3.jar:na]
	at com.google.gson.internal.bind.ReflectiveTypeAdapterFactory$Adapter.read(ReflectiveTypeAdapterFactory.java:183) ~[gson-2.3.jar:na]
	at com.google.gson.Gson.fromJson(Gson.java:805) ~[gson-2.3.jar:na]
	at com.google.gson.Gson.fromJson(Gson.java:770) ~[gson-2.3.jar:na]
	at com.google.gson.Gson.fromJson(Gson.java:719) ~[gson-2.3.jar:na]
	at com.google.gson.Gson.fromJson(Gson.java:691) ~[gson-2.3.jar:na]
	at controllers.InboxHook$$anonfun$hook$1.apply(InboxHook.scala:39) ~[classes/:na]
	at controllers.InboxHook$$anonfun$hook$1.apply(InboxHook.scala:26) ~[classes/:na]
	at play.api.mvc.ActionBuilder$$anonfun$apply$16.apply(Action.scala:433) ~[play_2.11-2.3.5.jar:2.3.5]
	at play.api.mvc.ActionBuilder$$anonfun$apply$16.apply(Action.scala:432) ~[play_2.11-2.3.5.jar:2.3.5]
	at play.api.mvc.Action$.invokeBlock(Action.scala:556) ~[play_2.11-2.3.5.jar:2.3.5]
	at play.api.mvc.Action$.invokeBlock(Action.scala:555) ~[play_2.11-2.3.5.jar:2.3.5]
	at play.api.mvc.ActionBuilder$$anon$1.apply(Action.scala:518) ~[play_2.11-2.3.5.jar:2.3.5]
	at play.api.mvc.Action$$anonfun$apply$1$$anonfun$apply$4$$anonfun$apply$5.apply(Action.scala:130) ~[play_2.11-2.3.5.jar:2.3.5]
	at play.api.mvc.Action$$anonfun$apply$1$$anonfun$apply$4$$anonfun$apply$5.apply(Action.scala:130) ~[play_2.11-2.3.5.jar:2.3.5]
	at play.utils.Threads$.withContextClassLoader(Threads.scala:21) ~[play_2.11-2.3.5.jar:2.3.5]
	at play.api.mvc.Action$$anonfun$apply$1$$anonfun$apply$4.apply(Action.scala:129) ~[play_2.11-2.3.5.jar:2.3.5]
	at play.api.mvc.Action$$anonfun$apply$1$$anonfun$apply$4.apply(Action.scala:128) ~[play_2.11-2.3.5.jar:2.3.5]
	at scala.Option.map(Option.scala:145) ~[scala-library-2.11.1.jar:na]
	at play.api.mvc.Action$$anonfun$apply$1.apply(Action.scala:128) ~[play_2.11-2.3.5.jar:2.3.5]
	at play.api.mvc.Action$$anonfun$apply$1.apply(Action.scala:121) ~[play_2.11-2.3.5.jar:2.3.5]
	at play.api.libs.iteratee.Iteratee$$anonfun$mapM$1.apply(Iteratee.scala:483) ~[play-iteratees_2.11-2.3.5.jar:2.3.5]
	at play.api.libs.iteratee.Iteratee$$anonfun$mapM$1.apply(Iteratee.scala:483) ~[play-iteratees_2.11-2.3.5.jar:2.3.5]
	at play.api.libs.iteratee.Iteratee$$anonfun$flatMapM$1.apply(Iteratee.scala:519) ~[play-iteratees_2.11-2.3.5.jar:2.3.5]
	at play.api.libs.iteratee.Iteratee$$anonfun$flatMapM$1.apply(Iteratee.scala:519) ~[play-iteratees_2.11-2.3.5.jar:2.3.5]
	at play.api.libs.iteratee.Iteratee$$anonfun$flatMap$1$$anonfun$apply$14.apply(Iteratee.scala:496) ~[play-iteratees_2.11-2.3.5.jar:2.3.5]
	at play.api.libs.iteratee.Iteratee$$anonfun$flatMap$1$$anonfun$apply$14.apply(Iteratee.scala:496) ~[play-iteratees_2.11-2.3.5.jar:2.3.5]
	at scala.concurrent.impl.Future$PromiseCompletingRunnable.liftedTree1$1(Future.scala:24) ~[scala-library-2.11.1.jar:na]
	at scala.concurrent.impl.Future$PromiseCompletingRunnable.run(Future.scala:24) ~[scala-library-2.11.1.jar:na]
	... 6 common frames omitted
Caused by: java.lang.IllegalStateException: Expected BEGIN_OBJECT but was BEGIN_ARRAY at line 1 column 12 path $.data
	at com.google.gson.stream.JsonReader.beginObject(JsonReader.java:387) ~[gson-2.3.jar:na]
	at com.google.gson.internal.bind.ReflectiveTypeAdapterFactory$Adapter.read(ReflectiveTypeAdapterFactory.java:176) ~[gson-2.3.jar:na]
	... 35 common frames omitted

